\BOOKMARK [0][-]{chapter.1}{Introduction}{}% 1
\BOOKMARK [1][-]{section.1.1}{Project Overview}{chapter.1}% 2
\BOOKMARK [1][-]{section.1.2}{Team Overview}{chapter.1}% 3
\BOOKMARK [2][-]{subsection.1.2.1}{Team Members}{section.1.2}% 4
\BOOKMARK [2][-]{subsection.1.2.2}{Sponsors}{section.1.2}% 5
\BOOKMARK [0][-]{chapter.2}{Specification}{}% 6
\BOOKMARK [1][-]{section.2.1}{Requirements}{chapter.2}% 7
\BOOKMARK [1][-]{section.2.2}{Design}{chapter.2}% 8
\BOOKMARK [2][-]{subsection.2.2.1}{Dashboard}{section.2.2}% 9
\BOOKMARK [2][-]{subsection.2.2.2}{Datamap}{section.2.2}% 10
\BOOKMARK [2][-]{subsection.2.2.3}{Real-time Map Plot}{section.2.2}% 11
\BOOKMARK [0][-]{chapter.3}{Implementation}{}% 12
\BOOKMARK [1][-]{section.3.1}{Results}{chapter.3}% 13
\BOOKMARK [1][-]{section.3.2}{Obstacles}{chapter.3}% 14
\BOOKMARK [1][-]{section.3.3}{Timeline}{chapter.3}% 15
\BOOKMARK [0][-]{chapter.4}{Test Plan}{}% 16
\BOOKMARK [0][-]{chapter.5}{Deliverables}{}% 17
\BOOKMARK [1][-]{section.5.1}{Primary Deliverables}{chapter.5}% 18
\BOOKMARK [2][-]{subsection.5.1.1}{Demo Visualizations}{section.5.1}% 19
\BOOKMARK [2][-]{subsection.5.1.2}{Website}{section.5.1}% 20
\BOOKMARK [2][-]{subsection.5.1.3}{Code Files}{section.5.1}% 21
\BOOKMARK [2][-]{subsection.5.1.4}{Source Lines of Code}{section.5.1}% 22
\BOOKMARK [1][-]{section.5.2}{Other Deliverables}{chapter.5}% 23
\BOOKMARK [2][-]{subsection.5.2.1}{Data Files}{section.5.2}% 24
\BOOKMARK [1][-]{section.5.3}{Documentation}{chapter.5}% 25
\BOOKMARK [0][-]{chapter.6}{Conclusion}{}% 26
